<?xml version="1.0" encoding="UTF-8"?>
<coverage generated="1489140533">
  <project timestamp="1489140533">
    <package name="WatsonSDK\Common">
      <file name="/Applications/MAMP/htdocs/WatsonPHPSDK/Source/Common/HttpClient.php">
        <class name="HttpClient" namespace="WatsonSDK\Common">
          <metrics complexity="4" methods="2" coveredmethods="2" conditionals="0" coveredconditionals="0" statements="11" coveredstatements="11" elements="13" coveredelements="13"/>
        </class>
        <line num="36" type="method" name="__construct" complexity="1" crap="1" count="3"/>
        <line num="37" type="stmt" count="3"/>
        <line num="38" type="stmt" count="3"/>
        <line num="43" type="method" name="request" visibility="public" complexity="3" crap="3" count="3"/>
        <line num="46" type="stmt" count="3"/>
        <line num="49" type="stmt" count="3"/>
        <line num="50" type="stmt" count="3"/>
        <line num="52" type="stmt" count="1"/>
        <line num="53" type="stmt" count="1"/>
        <line num="55" type="stmt" count="1"/>
        <line num="56" type="stmt" count="1"/>
        <line num="57" type="stmt" count="1"/>
        <line num="58" type="stmt" count="1"/>
        <metrics loc="61" ncloc="33" classes="1" methods="2" coveredmethods="2" conditionals="0" coveredconditionals="0" statements="11" coveredstatements="11" elements="13" coveredelements="13"/>
      </file>
      <file name="/Applications/MAMP/htdocs/WatsonPHPSDK/Source/Common/HttpClientConfiguration.php">
        <class name="HttpClientConfiguration" namespace="WatsonSDK\Common">
          <metrics complexity="29" methods="18" coveredmethods="17" conditionals="0" coveredconditionals="0" statements="53" coveredstatements="51" elements="71" coveredelements="68"/>
        </class>
        <line num="71" type="method" name="__construct" complexity="1" crap="1" count="3"/>
        <line num="73" type="stmt" count="3"/>
        <line num="74" type="stmt" count="3"/>
        <line num="75" type="stmt" count="3"/>
        <line num="76" type="stmt" count="3"/>
        <line num="77" type="stmt" count="3"/>
        <line num="78" type="stmt" count="3"/>
        <line num="79" type="stmt" count="3"/>
        <line num="80" type="stmt" count="3"/>
        <line num="81" type="stmt" count="3"/>
        <line num="88" type="method" name="toOptions" visibility="public" complexity="11" crap="11.17" count="3"/>
        <line num="90" type="stmt" count="3"/>
        <line num="91" type="stmt" count="3"/>
        <line num="94" type="stmt" count="3"/>
        <line num="95" type="stmt" count="3"/>
        <line num="96" type="stmt" count="3"/>
        <line num="99" type="stmt" count="3"/>
        <line num="100" type="stmt" count="3"/>
        <line num="101" type="stmt" count="3"/>
        <line num="104" type="stmt" count="3"/>
        <line num="105" type="stmt" count="3"/>
        <line num="106" type="stmt" count="3"/>
        <line num="108" type="stmt" count="3"/>
        <line num="109" type="stmt" count="2"/>
        <line num="110" type="stmt" count="2"/>
        <line num="113" type="stmt" count="3"/>
        <line num="114" type="stmt" count="0"/>
        <line num="115" type="stmt" count="0"/>
        <line num="119" type="stmt" count="3"/>
        <line num="126" type="method" name="getURL" visibility="public" complexity="1" crap="1" count="3"/>
        <line num="127" type="stmt" count="3"/>
        <line num="134" type="method" name="setURL" visibility="public" complexity="1" crap="1" count="3"/>
        <line num="135" type="stmt" count="3"/>
        <line num="136" type="stmt" count="3"/>
        <line num="142" type="method" name="getMethod" visibility="public" complexity="1" crap="1" count="3"/>
        <line num="143" type="stmt" count="3"/>
        <line num="150" type="method" name="setMethod" visibility="public" complexity="1" crap="1" count="3"/>
        <line num="151" type="stmt" count="3"/>
        <line num="152" type="stmt" count="3"/>
        <line num="158" type="method" name="getType" visibility="public" complexity="1" crap="1" count="3"/>
        <line num="159" type="stmt" count="3"/>
        <line num="166" type="method" name="setType" visibility="public" complexity="1" crap="1" count="3"/>
        <line num="167" type="stmt" count="3"/>
        <line num="168" type="stmt" count="3"/>
        <line num="174" type="method" name="getData" visibility="public" complexity="1" crap="1" count="3"/>
        <line num="175" type="stmt" count="3"/>
        <line num="182" type="method" name="setData" visibility="public" complexity="1" crap="1" count="3"/>
        <line num="183" type="stmt" count="3"/>
        <line num="184" type="stmt" count="3"/>
        <line num="190" type="method" name="getQuery" visibility="public" complexity="1" crap="1" count="3"/>
        <line num="191" type="stmt" count="3"/>
        <line num="198" type="method" name="setQuery" visibility="public" complexity="1" crap="1" count="3"/>
        <line num="199" type="stmt" count="3"/>
        <line num="200" type="stmt" count="3"/>
        <line num="206" type="method" name="getHeader" visibility="public" complexity="1" crap="1" count="3"/>
        <line num="207" type="stmt" count="3"/>
        <line num="214" type="method" name="setHeader" visibility="public" complexity="2" crap="2" count="3"/>
        <line num="215" type="stmt" count="3"/>
        <line num="216" type="stmt" count="3"/>
        <line num="218" type="stmt" count="3"/>
        <line num="219" type="stmt" count="3"/>
        <line num="225" type="method" name="getTimeout" visibility="public" complexity="1" crap="1" count="3"/>
        <line num="226" type="stmt" count="3"/>
        <line num="233" type="method" name="setTimeout" visibility="public" complexity="1" crap="1" count="3"/>
        <line num="234" type="stmt" count="3"/>
        <line num="235" type="stmt" count="3"/>
        <line num="241" type="method" name="getCredentials" visibility="private" complexity="1" crap="1" count="3"/>
        <line num="242" type="stmt" count="3"/>
        <line num="249" type="method" name="setCredentials" visibility="public" complexity="1" crap="1" count="3"/>
        <line num="250" type="stmt" count="3"/>
        <line num="251" type="stmt" count="3"/>
        <metrics loc="251" ncloc="113" classes="1" methods="18" coveredmethods="17" conditionals="0" coveredconditionals="0" statements="53" coveredstatements="51" elements="71" coveredelements="68"/>
      </file>
      <file name="/Applications/MAMP/htdocs/WatsonPHPSDK/Source/Common/HttpClientException.php">
        <class name="HttpClientException" namespace="WatsonSDK\Common">
          <metrics complexity="0" methods="0" coveredmethods="0" conditionals="0" coveredconditionals="0" statements="0" coveredstatements="0" elements="0" coveredelements="0"/>
        </class>
        <metrics loc="41" ncloc="7" classes="0" methods="0" coveredmethods="0" conditionals="0" coveredconditionals="0" statements="0" coveredstatements="0" elements="0" coveredelements="0"/>
      </file>
      <file name="/Applications/MAMP/htdocs/WatsonPHPSDK/Source/Common/HttpResponse.php">
        <class name="HttpResponse" namespace="WatsonSDK\Common">
          <metrics complexity="5" methods="5" coveredmethods="4" conditionals="0" coveredconditionals="0" statements="8" coveredstatements="7" elements="13" coveredelements="11"/>
        </class>
        <line num="44" type="method" name="__construct" complexity="1" crap="1" count="3"/>
        <line num="46" type="stmt" count="3"/>
        <line num="47" type="stmt" count="3"/>
        <line num="48" type="stmt" count="3"/>
        <line num="49" type="stmt" count="3"/>
        <line num="56" type="method" name="__toString" visibility="public" complexity="1" crap="1" count="1"/>
        <line num="57" type="stmt" count="1"/>
        <line num="65" type="method" name="getContent" visibility="public" complexity="1" crap="1" count="1"/>
        <line num="66" type="stmt" count="1"/>
        <line num="74" type="method" name="getSize" visibility="public" complexity="1" crap="2" count="0"/>
        <line num="75" type="stmt" count="0"/>
        <line num="83" type="method" name="getStatusCode" visibility="public" complexity="1" crap="1" count="3"/>
        <line num="84" type="stmt" count="3"/>
        <metrics loc="85" ncloc="34" classes="1" methods="5" coveredmethods="4" conditionals="0" coveredconditionals="0" statements="8" coveredstatements="7" elements="13" coveredelements="11"/>
      </file>
      <file name="/Applications/MAMP/htdocs/WatsonPHPSDK/Source/Common/InvalidParameterException.php">
        <class name="InvalidParameterException" namespace="WatsonSDK\Common">
          <metrics complexity="0" methods="0" coveredmethods="0" conditionals="0" coveredconditionals="0" statements="0" coveredstatements="0" elements="0" coveredelements="0"/>
        </class>
        <metrics loc="41" ncloc="7" classes="0" methods="0" coveredmethods="0" conditionals="0" coveredconditionals="0" statements="0" coveredstatements="0" elements="0" coveredelements="0"/>
      </file>
      <file name="/Applications/MAMP/htdocs/WatsonPHPSDK/Source/Common/ServiceModel.php">
        <class name="ServiceModel" namespace="WatsonSDK\Common">
          <metrics complexity="9" methods="3" coveredmethods="0" conditionals="0" coveredconditionals="0" statements="29" coveredstatements="23" elements="32" coveredelements="23"/>
        </class>
        <line num="38" type="method" name="getData" visibility="public" complexity="7" crap="7.08" count="4"/>
        <line num="40" type="stmt" count="4"/>
        <line num="41" type="stmt" count="4"/>
        <line num="42" type="stmt" count="4"/>
        <line num="44" type="stmt" count="4"/>
        <line num="45" type="stmt" count="4"/>
        <line num="46" type="stmt" count="4"/>
        <line num="47" type="stmt" count="4"/>
        <line num="49" type="stmt" count="4"/>
        <line num="50" type="stmt" count="4"/>
        <line num="52" type="stmt" count="4"/>
        <line num="53" type="stmt" count="4"/>
        <line num="54" type="stmt" count="4"/>
        <line num="55" type="stmt" count="4"/>
        <line num="56" type="stmt" count="4"/>
        <line num="57" type="stmt" count="4"/>
        <line num="58" type="stmt" count="4"/>
        <line num="59" type="stmt" count="0"/>
        <line num="60" type="stmt" count="0"/>
        <line num="61" type="stmt" count="0"/>
        <line num="63" type="stmt" count="4"/>
        <line num="65" type="stmt" count="4"/>
        <line num="66" type="stmt" count="4"/>
        <line num="67" type="stmt" count="4"/>
        <line num="68" type="stmt" count="4"/>
        <line num="69" type="stmt" count="4"/>
        <line num="71" type="stmt" count="4"/>
        <line num="78" type="method" name="getVersion" visibility="public" complexity="1" crap="2" count="0"/>
        <line num="79" type="stmt" count="0"/>
        <line num="86" type="method" name="setVersion" visibility="public" complexity="1" crap="2" count="0"/>
        <line num="87" type="stmt" count="0"/>
        <line num="88" type="stmt" count="0"/>
        <metrics loc="89" ncloc="54" classes="1" methods="3" coveredmethods="0" conditionals="0" coveredconditionals="0" statements="29" coveredstatements="23" elements="32" coveredelements="23"/>
      </file>
      <file name="/Applications/MAMP/htdocs/WatsonPHPSDK/Source/Common/SimpleTokenHelper.php">
        <class name="SimpleTokenHelper" namespace="WatsonSDK\Common">
          <metrics complexity="4" methods="1" coveredmethods="1" conditionals="0" coveredconditionals="0" statements="13" coveredstatements="13" elements="14" coveredelements="14"/>
        </class>
        <line num="39" type="method" name="requestToken" visibility="public" complexity="4" crap="4" count="1"/>
        <line num="41" type="stmt" count="1"/>
        <line num="42" type="stmt" count="1"/>
        <line num="43" type="stmt" count="1"/>
        <line num="45" type="stmt" count="1"/>
        <line num="47" type="stmt" count="1"/>
        <line num="48" type="stmt" count="1"/>
        <line num="49" type="stmt" count="1"/>
        <line num="50" type="stmt" count="1"/>
        <line num="51" type="stmt" count="1"/>
        <line num="54" type="stmt" count="1"/>
        <line num="56" type="stmt" count="1"/>
        <line num="59" type="stmt" count="1"/>
        <line num="61" type="stmt" count="1"/>
        <metrics loc="62" ncloc="37" classes="1" methods="1" coveredmethods="1" conditionals="0" coveredconditionals="0" statements="13" coveredstatements="13" elements="14" coveredelements="14"/>
      </file>
      <file name="/Applications/MAMP/htdocs/WatsonPHPSDK/Source/Common/SimpleTokenProvider.php">
        <class name="SimpleTokenProvider" namespace="WatsonSDK\Common">
          <metrics complexity="7" methods="3" coveredmethods="1" conditionals="0" coveredconditionals="0" statements="17" coveredstatements="15" elements="20" coveredelements="16"/>
        </class>
        <line num="29" type="method" name="__construct" complexity="3" crap="3.07" count="2"/>
        <line num="31" type="stmt" count="2"/>
        <line num="32" type="stmt" count="0"/>
        <line num="35" type="stmt" count="2"/>
        <line num="37" type="stmt" count="2"/>
        <line num="38" type="stmt" count="2"/>
        <line num="40" type="method" name="getToken" visibility="public" complexity="3" crap="3.01" count="2"/>
        <line num="42" type="stmt" count="2"/>
        <line num="43" type="stmt" count="1"/>
        <line num="44" type="stmt" count="1"/>
        <line num="45" type="stmt" count="1"/>
        <line num="47" type="stmt" count="1"/>
        <line num="48" type="stmt" count="1"/>
        <line num="50" type="stmt" count="1"/>
        <line num="51" type="stmt" count="0"/>
        <line num="53" type="stmt" count="1"/>
        <line num="55" type="stmt" count="2"/>
        <line num="58" type="method" name="setToken" visibility="public" complexity="1" crap="1" count="2"/>
        <line num="59" type="stmt" count="2"/>
        <line num="60" type="stmt" count="2"/>
        <metrics loc="60" ncloc="45" classes="1" methods="3" coveredmethods="1" conditionals="0" coveredconditionals="0" statements="17" coveredstatements="15" elements="20" coveredelements="16"/>
      </file>
      <file name="/Applications/MAMP/htdocs/WatsonPHPSDK/Source/Common/WatsonCredential.php">
        <class name="WatsonCredential" namespace="WatsonSDK\Common">
          <metrics complexity="11" methods="11" coveredmethods="11" conditionals="0" coveredconditionals="0" statements="20" coveredstatements="20" elements="31" coveredelements="31"/>
        </class>
        <line num="37" type="method" name="__construct" complexity="1" crap="1" count="3"/>
        <line num="39" type="stmt" count="3"/>
        <line num="40" type="stmt" count="3"/>
        <line num="41" type="stmt" count="3"/>
        <line num="49" type="method" name="initWithCredentials" visibility="public" complexity="1" crap="1" count="1"/>
        <line num="51" type="stmt" count="1"/>
        <line num="52" type="stmt" count="1"/>
        <line num="61" type="method" name="initWithTokenProvider" visibility="public" complexity="1" crap="1" count="2"/>
        <line num="63" type="stmt" count="2"/>
        <line num="64" type="stmt" count="2"/>
        <line num="65" type="stmt" count="2"/>
        <line num="72" type="method" name="getUsername" visibility="public" complexity="1" crap="1" count="1"/>
        <line num="73" type="stmt" count="1"/>
        <line num="80" type="method" name="setUsername" visibility="public" complexity="1" crap="1" count="3"/>
        <line num="81" type="stmt" count="3"/>
        <line num="82" type="stmt" count="3"/>
        <line num="88" type="method" name="getPassword" visibility="public" complexity="1" crap="1" count="1"/>
        <line num="89" type="stmt" count="1"/>
        <line num="96" type="method" name="setPassword" visibility="public" complexity="1" crap="1" count="3"/>
        <line num="97" type="stmt" count="3"/>
        <line num="98" type="stmt" count="3"/>
        <line num="104" type="method" name="getTokenProvider" visibility="public" complexity="1" crap="1" count="3"/>
        <line num="105" type="stmt" count="3"/>
        <line num="112" type="method" name="setTokenProvider" visibility="public" complexity="1" crap="1" count="2"/>
        <line num="113" type="stmt" count="2"/>
        <line num="114" type="stmt" count="2"/>
        <line num="120" type="method" name="getToken" visibility="public" complexity="1" crap="1" count="2"/>
        <line num="121" type="stmt" count="2"/>
        <line num="128" type="method" name="setToken" visibility="public" complexity="1" crap="1" count="2"/>
        <line num="129" type="stmt" count="2"/>
        <line num="130" type="stmt" count="2"/>
        <metrics loc="131" ncloc="58" classes="1" methods="11" coveredmethods="11" conditionals="0" coveredconditionals="0" statements="20" coveredstatements="20" elements="31" coveredelements="31"/>
      </file>
      <file name="/Applications/MAMP/htdocs/WatsonPHPSDK/Source/Common/WatsonService.php">
        <class name="WatsonService" namespace="WatsonSDK\Common">
          <metrics complexity="2" methods="1" coveredmethods="1" conditionals="0" coveredconditionals="0" statements="9" coveredstatements="9" elements="10" coveredelements="10"/>
        </class>
        <line num="34" type="method" name="__construct" complexity="2" crap="2" count="3"/>
        <line num="36" type="stmt" count="3"/>
        <line num="37" type="stmt" count="3"/>
        <line num="39" type="stmt" count="3"/>
        <line num="41" type="stmt" count="1"/>
        <line num="42" type="stmt" count="1"/>
        <line num="45" type="stmt" count="2"/>
        <line num="46" type="stmt" count="2"/>
        <line num="47" type="stmt" count="2"/>
        <line num="49" type="stmt" count="3"/>
        <metrics loc="49" ncloc="25" classes="1" methods="1" coveredmethods="1" conditionals="0" coveredconditionals="0" statements="9" coveredstatements="9" elements="10" coveredelements="10"/>
      </file>
    </package>
    <package name="WatsonSDK\Services">
      <file name="/Applications/MAMP/htdocs/WatsonPHPSDK/Source/Services/PersonalityInsights.php">
        <class name="PersonalityInsights" namespace="WatsonSDK\Services">
          <metrics complexity="3" methods="2" coveredmethods="2" conditionals="0" coveredconditionals="0" statements="12" coveredstatements="12" elements="14" coveredelements="14"/>
        </class>
        <line num="34" type="method" name="__construct" complexity="1" crap="1" count="3"/>
        <line num="36" type="stmt" count="3"/>
        <line num="37" type="stmt" count="3"/>
        <line num="45" type="method" name="Profile" visibility="public" complexity="2" crap="2" count="3"/>
        <line num="47" type="stmt" count="3"/>
        <line num="48" type="stmt" count="3"/>
        <line num="49" type="stmt" count="3"/>
        <line num="50" type="stmt" count="3"/>
        <line num="51" type="stmt" count="3"/>
        <line num="52" type="stmt" count="3"/>
        <line num="54" type="stmt" count="3"/>
        <line num="56" type="stmt" count="1"/>
        <line num="57" type="stmt" count="1"/>
        <line num="58" type="stmt" count="1"/>
        <metrics loc="61" ncloc="35" classes="1" methods="2" coveredmethods="2" conditionals="0" coveredconditionals="0" statements="12" coveredstatements="12" elements="14" coveredelements="14"/>
      </file>
      <file name="/Applications/MAMP/htdocs/WatsonPHPSDK/Source/Services/PersonalityInsightsModel.php">
        <class name="PersonalityInsightsModel" namespace="WatsonSDK\Services">
          <metrics complexity="17" methods="17" coveredmethods="17" conditionals="0" coveredconditionals="0" statements="33" coveredstatements="33" elements="50" coveredelements="50"/>
        </class>
        <line num="128" type="method" name="__construct" complexity="1" crap="1" count="4"/>
        <line num="130" type="stmt" count="4"/>
        <line num="131" type="stmt" count="4"/>
        <line num="132" type="stmt" count="4"/>
        <line num="133" type="stmt" count="4"/>
        <line num="134" type="stmt" count="4"/>
        <line num="135" type="stmt" count="4"/>
        <line num="136" type="stmt" count="4"/>
        <line num="137" type="stmt" count="4"/>
        <line num="138" type="stmt" count="4"/>
        <line num="143" type="method" name="getContentItems" visibility="public" complexity="1" crap="1" count="1"/>
        <line num="145" type="stmt" count="1"/>
        <line num="151" type="method" name="setContentItems" visibility="public" complexity="1" crap="1" count="4"/>
        <line num="153" type="stmt" count="4"/>
        <line num="154" type="stmt" count="4"/>
        <line num="159" type="method" name="getRawScores" visibility="public" complexity="1" crap="1" count="1"/>
        <line num="161" type="stmt" count="1"/>
        <line num="167" type="method" name="setRawScores" visibility="public" complexity="1" crap="1" count="1"/>
        <line num="169" type="stmt" count="1"/>
        <line num="170" type="stmt" count="1"/>
        <line num="175" type="method" name="getVersion" visibility="public" complexity="1" crap="1" count="1"/>
        <line num="177" type="stmt" count="1"/>
        <line num="183" type="method" name="setVersion" visibility="public" complexity="1" crap="1" count="1"/>
        <line num="185" type="stmt" count="1"/>
        <line num="186" type="stmt" count="1"/>
        <line num="191" type="method" name="getConsumptionPreferences" visibility="public" complexity="1" crap="1" count="1"/>
        <line num="193" type="stmt" count="1"/>
        <line num="199" type="method" name="setConsumptionPreferences" visibility="public" complexity="1" crap="1" count="1"/>
        <line num="201" type="stmt" count="1"/>
        <line num="202" type="stmt" count="1"/>
        <line num="207" type="method" name="getCsvHeaders" visibility="public" complexity="1" crap="1" count="1"/>
        <line num="209" type="stmt" count="1"/>
        <line num="215" type="method" name="setCsvHeaders" visibility="public" complexity="1" crap="1" count="1"/>
        <line num="217" type="stmt" count="1"/>
        <line num="218" type="stmt" count="1"/>
        <line num="223" type="method" name="getContentLanguage" visibility="public" complexity="1" crap="1" count="1"/>
        <line num="225" type="stmt" count="1"/>
        <line num="231" type="method" name="setContentLanguage" visibility="public" complexity="1" crap="1" count="1"/>
        <line num="233" type="stmt" count="1"/>
        <line num="234" type="stmt" count="1"/>
        <line num="239" type="method" name="getAccept" visibility="public" complexity="1" crap="1" count="1"/>
        <line num="241" type="stmt" count="1"/>
        <line num="247" type="method" name="setAccept" visibility="public" complexity="1" crap="1" count="1"/>
        <line num="249" type="stmt" count="1"/>
        <line num="250" type="stmt" count="1"/>
        <line num="255" type="method" name="getAcceptLanguage" visibility="public" complexity="1" crap="1" count="1"/>
        <line num="257" type="stmt" count="1"/>
        <line num="263" type="method" name="setAcceptLanguage" visibility="public" complexity="1" crap="1" count="2"/>
        <line num="265" type="stmt" count="2"/>
        <line num="266" type="stmt" count="2"/>
        <metrics loc="267" ncloc="120" classes="1" methods="17" coveredmethods="17" conditionals="0" coveredconditionals="0" statements="33" coveredstatements="33" elements="50" coveredelements="50"/>
      </file>
      <file name="/Applications/MAMP/htdocs/WatsonPHPSDK/Source/Services/ToneAnalyzer.php">
        <class name="ToneAnalyzer" namespace="WatsonSDK\Services">
          <metrics complexity="3" methods="2" coveredmethods="0" conditionals="0" coveredconditionals="0" statements="15" coveredstatements="0" elements="17" coveredelements="0"/>
        </class>
        <line num="34" type="method" name="__construct" complexity="1" crap="2" count="0"/>
        <line num="36" type="stmt" count="0"/>
        <line num="37" type="stmt" count="0"/>
        <line num="45" type="method" name="Tone" visibility="public" complexity="2" crap="6" count="0"/>
        <line num="47" type="stmt" count="0"/>
        <line num="48" type="stmt" count="0"/>
        <line num="50" type="stmt" count="0"/>
        <line num="51" type="stmt" count="0"/>
        <line num="52" type="stmt" count="0"/>
        <line num="54" type="stmt" count="0"/>
        <line num="55" type="stmt" count="0"/>
        <line num="56" type="stmt" count="0"/>
        <line num="57" type="stmt" count="0"/>
        <line num="58" type="stmt" count="0"/>
        <line num="59" type="stmt" count="0"/>
        <line num="60" type="stmt" count="0"/>
        <line num="61" type="stmt" count="0"/>
        <metrics loc="62" ncloc="36" classes="1" methods="2" coveredmethods="0" conditionals="0" coveredconditionals="0" statements="15" coveredstatements="0" elements="17" coveredelements="0"/>
      </file>
      <file name="/Applications/MAMP/htdocs/WatsonPHPSDK/Source/Services/ToneAnalyzerModel.php">
        <class name="ToneAnalyzerModel" namespace="WatsonSDK\Services">
          <metrics complexity="7" methods="7" coveredmethods="0" conditionals="0" coveredconditionals="0" statements="17" coveredstatements="0" elements="24" coveredelements="0"/>
        </class>
        <line num="62" type="method" name="__construct" complexity="1" crap="2" count="0"/>
        <line num="64" type="stmt" count="0"/>
        <line num="65" type="stmt" count="0"/>
        <line num="66" type="stmt" count="0"/>
        <line num="67" type="stmt" count="0"/>
        <line num="68" type="stmt" count="0"/>
        <line num="74" type="method" name="getText" visibility="public" complexity="1" crap="2" count="0"/>
        <line num="75" type="stmt" count="0"/>
        <line num="76" type="stmt" count="0"/>
        <line num="82" type="method" name="setText" visibility="public" complexity="1" crap="2" count="0"/>
        <line num="83" type="stmt" count="0"/>
        <line num="84" type="stmt" count="0"/>
        <line num="90" type="method" name="getTones" visibility="public" complexity="1" crap="2" count="0"/>
        <line num="91" type="stmt" count="0"/>
        <line num="92" type="stmt" count="0"/>
        <line num="98" type="method" name="setTones" visibility="public" complexity="1" crap="2" count="0"/>
        <line num="99" type="stmt" count="0"/>
        <line num="100" type="stmt" count="0"/>
        <line num="106" type="method" name="getSentences" visibility="public" complexity="1" crap="2" count="0"/>
        <line num="107" type="stmt" count="0"/>
        <line num="108" type="stmt" count="0"/>
        <line num="114" type="method" name="setSentences" visibility="public" complexity="1" crap="2" count="0"/>
        <line num="115" type="stmt" count="0"/>
        <line num="116" type="stmt" count="0"/>
        <metrics loc="117" ncloc="49" classes="1" methods="7" coveredmethods="0" conditionals="0" coveredconditionals="0" statements="17" coveredstatements="0" elements="24" coveredelements="0"/>
      </file>
    </package>
    <metrics files="14" loc="1377" ncloc="653" classes="12" methods="72" coveredmethods="56" conditionals="0" coveredconditionals="0" statements="237" coveredstatements="194" elements="309" coveredelements="250"/>
  </project>
</coverage>
