<?xml version="1.0" encoding="UTF-8"?>
<coverage generated="1487645440">
  <project timestamp="1487645440">
    <package name="WatsonSDK\Common">
      <file name="/Applications/MAMP/htdocs/WatsonPHPSDK/Source/Common/HttpClient.php">
        <class name="HttpClient" namespace="WatsonSDK\Common">
          <metrics methods="2" coveredmethods="1" conditionals="0" coveredconditionals="0" statements="11" coveredstatements="10" elements="13" coveredelements="11"/>
        </class>
        <line num="36" type="method" name="__construct" crap="1" count="2"/>
        <line num="37" type="stmt" count="2"/>
        <line num="38" type="stmt" count="2"/>
        <line num="43" type="method" name="request" crap="3.01" count="2"/>
        <line num="46" type="stmt" count="2"/>
        <line num="49" type="stmt" count="2"/>
        <line num="50" type="stmt" count="0"/>
        <line num="52" type="stmt" count="2"/>
        <line num="53" type="stmt" count="2"/>
        <line num="55" type="stmt" count="2"/>
        <line num="56" type="stmt" count="1"/>
        <line num="57" type="stmt" count="1"/>
        <line num="58" type="stmt" count="2"/>
        <metrics loc="61" ncloc="33" classes="1" methods="2" coveredmethods="1" conditionals="0" coveredconditionals="0" statements="11" coveredstatements="10" elements="13" coveredelements="11"/>
      </file>
      <file name="/Applications/MAMP/htdocs/WatsonPHPSDK/Source/Common/HttpClientConfiguration.php">
        <class name="HttpClientConfiguration" namespace="WatsonSDK\Common">
          <metrics methods="18" coveredmethods="17" conditionals="0" coveredconditionals="0" statements="51" coveredstatements="47" elements="69" coveredelements="64"/>
        </class>
        <line num="71" type="method" name="__construct" crap="1" count="2"/>
        <line num="73" type="stmt" count="2"/>
        <line num="74" type="stmt" count="2"/>
        <line num="75" type="stmt" count="2"/>
        <line num="76" type="stmt" count="2"/>
        <line num="77" type="stmt" count="2"/>
        <line num="78" type="stmt" count="2"/>
        <line num="79" type="stmt" count="2"/>
        <line num="80" type="stmt" count="2"/>
        <line num="81" type="stmt" count="2"/>
        <line num="88" type="method" name="toOptions" crap="12.33" count="2"/>
        <line num="90" type="stmt" count="2"/>
        <line num="91" type="stmt" count="2"/>
        <line num="94" type="stmt" count="2"/>
        <line num="95" type="stmt" count="1"/>
        <line num="96" type="stmt" count="1"/>
        <line num="99" type="stmt" count="2"/>
        <line num="100" type="stmt" count="1"/>
        <line num="101" type="stmt" count="1"/>
        <line num="103" type="stmt" count="2"/>
        <line num="104" type="stmt" count="0"/>
        <line num="105" type="stmt" count="0"/>
        <line num="107" type="stmt" count="2"/>
        <line num="108" type="stmt" count="1"/>
        <line num="109" type="stmt" count="1"/>
        <line num="112" type="stmt" count="2"/>
        <line num="113" type="stmt" count="0"/>
        <line num="114" type="stmt" count="0"/>
        <line num="118" type="stmt" count="2"/>
        <line num="125" type="method" name="getURL" crap="1" count="2"/>
        <line num="126" type="stmt" count="2"/>
        <line num="133" type="method" name="setURL" crap="1" count="2"/>
        <line num="134" type="stmt" count="2"/>
        <line num="135" type="stmt" count="2"/>
        <line num="141" type="method" name="getMethod" crap="1" count="2"/>
        <line num="142" type="stmt" count="2"/>
        <line num="149" type="method" name="setMethod" crap="1" count="2"/>
        <line num="150" type="stmt" count="2"/>
        <line num="151" type="stmt" count="2"/>
        <line num="157" type="method" name="getType" crap="1" count="2"/>
        <line num="158" type="stmt" count="2"/>
        <line num="165" type="method" name="setType" crap="1" count="2"/>
        <line num="166" type="stmt" count="2"/>
        <line num="167" type="stmt" count="2"/>
        <line num="173" type="method" name="getData" crap="1" count="1"/>
        <line num="174" type="stmt" count="1"/>
        <line num="181" type="method" name="setData" crap="1" count="2"/>
        <line num="182" type="stmt" count="2"/>
        <line num="183" type="stmt" count="2"/>
        <line num="189" type="method" name="getQuery" crap="1" count="2"/>
        <line num="190" type="stmt" count="2"/>
        <line num="197" type="method" name="setQuery" crap="1" count="2"/>
        <line num="198" type="stmt" count="2"/>
        <line num="199" type="stmt" count="2"/>
        <line num="205" type="method" name="getHeader" crap="1" count="2"/>
        <line num="206" type="stmt" count="2"/>
        <line num="213" type="method" name="setHeader" crap="1" count="2"/>
        <line num="214" type="stmt" count="2"/>
        <line num="215" type="stmt" count="2"/>
        <line num="221" type="method" name="getTimeout" crap="1" count="2"/>
        <line num="222" type="stmt" count="2"/>
        <line num="229" type="method" name="setTimeout" crap="1" count="2"/>
        <line num="230" type="stmt" count="2"/>
        <line num="231" type="stmt" count="2"/>
        <line num="237" type="method" name="getCredentials" crap="1" count="2"/>
        <line num="238" type="stmt" count="2"/>
        <line num="245" type="method" name="setCredentials" crap="1" count="2"/>
        <line num="246" type="stmt" count="2"/>
        <line num="247" type="stmt" count="2"/>
        <metrics loc="247" ncloc="109" classes="1" methods="18" coveredmethods="17" conditionals="0" coveredconditionals="0" statements="51" coveredstatements="47" elements="69" coveredelements="64"/>
      </file>
      <file name="/Applications/MAMP/htdocs/WatsonPHPSDK/Source/Common/HttpClientException.php">
        <class name="HttpClientException" namespace="WatsonSDK\Common">
          <metrics methods="0" coveredmethods="0" conditionals="0" coveredconditionals="0" statements="0" coveredstatements="0" elements="0" coveredelements="0"/>
        </class>
        <metrics loc="41" ncloc="7" classes="1" methods="0" coveredmethods="0" conditionals="0" coveredconditionals="0" statements="0" coveredstatements="0" elements="0" coveredelements="0"/>
      </file>
      <file name="/Applications/MAMP/htdocs/WatsonPHPSDK/Source/Common/HttpResponse.php">
        <class name="HttpResponse" namespace="WatsonSDK\Common">
          <metrics methods="5" coveredmethods="1" conditionals="0" coveredconditionals="0" statements="8" coveredstatements="4" elements="13" coveredelements="5"/>
        </class>
        <line num="26" type="method" name="__construct" crap="1" count="1"/>
        <line num="28" type="stmt" count="1"/>
        <line num="29" type="stmt" count="1"/>
        <line num="30" type="stmt" count="1"/>
        <line num="31" type="stmt" count="1"/>
        <line num="33" type="method" name="__toString" crap="2" count="0"/>
        <line num="34" type="stmt" count="0"/>
        <line num="37" type="method" name="getContent" crap="2" count="0"/>
        <line num="38" type="stmt" count="0"/>
        <line num="41" type="method" name="getSize" crap="2" count="0"/>
        <line num="42" type="stmt" count="0"/>
        <line num="45" type="method" name="getStatusCode" crap="2" count="0"/>
        <line num="46" type="stmt" count="0"/>
        <metrics loc="47" ncloc="32" classes="1" methods="5" coveredmethods="1" conditionals="0" coveredconditionals="0" statements="8" coveredstatements="4" elements="13" coveredelements="5"/>
      </file>
      <file name="/Applications/MAMP/htdocs/WatsonPHPSDK/Source/Common/InvalidParameterException.php">
        <class name="InvalidParameterException" namespace="WatsonSDK\Common">
          <metrics methods="0" coveredmethods="0" conditionals="0" coveredconditionals="0" statements="0" coveredstatements="0" elements="0" coveredelements="0"/>
        </class>
        <metrics loc="41" ncloc="7" classes="1" methods="0" coveredmethods="0" conditionals="0" coveredconditionals="0" statements="0" coveredstatements="0" elements="0" coveredelements="0"/>
      </file>
      <file name="/Applications/MAMP/htdocs/WatsonPHPSDK/Source/Common/ServiceModel.php">
        <class name="ServiceModel" namespace="WatsonSDK\Common">
          <metrics methods="7" coveredmethods="7" conditionals="0" coveredconditionals="0" statements="16" coveredstatements="16" elements="23" coveredelements="23"/>
        </class>
        <line num="33" type="method" name="getUsername" crap="1" count="2"/>
        <line num="34" type="stmt" count="2"/>
        <line num="41" type="method" name="setUsername" crap="1" count="1"/>
        <line num="42" type="stmt" count="1"/>
        <line num="43" type="stmt" count="1"/>
        <line num="49" type="method" name="getPassword" crap="1" count="2"/>
        <line num="50" type="stmt" count="2"/>
        <line num="57" type="method" name="setPassword" crap="1" count="1"/>
        <line num="58" type="stmt" count="1"/>
        <line num="59" type="stmt" count="1"/>
        <line num="65" type="method" name="getTokenProvider" crap="1" count="2"/>
        <line num="66" type="stmt" count="2"/>
        <line num="73" type="method" name="setTokenProvider" crap="1" count="1"/>
        <line num="74" type="stmt" count="1"/>
        <line num="75" type="stmt" count="1"/>
        <line num="81" type="method" name="getData" crap="4" count="1"/>
        <line num="83" type="stmt" count="1"/>
        <line num="85" type="stmt" count="1"/>
        <line num="87" type="stmt" count="1"/>
        <line num="88" type="stmt" count="1"/>
        <line num="89" type="stmt" count="1"/>
        <line num="90" type="stmt" count="1"/>
        <line num="92" type="stmt" count="1"/>
        <metrics loc="93" ncloc="44" classes="1" methods="7" coveredmethods="7" conditionals="0" coveredconditionals="0" statements="16" coveredstatements="16" elements="23" coveredelements="23"/>
      </file>
      <file name="/Applications/MAMP/htdocs/WatsonPHPSDK/Source/Common/SimpleTokenProvider.php">
        <class name="SimpleTokenProvider" namespace="WatsonSDK\Common">
          <metrics methods="2" coveredmethods="0" conditionals="0" coveredconditionals="0" statements="14" coveredstatements="12" elements="16" coveredelements="12"/>
        </class>
        <line num="29" type="method" name="__construct" crap="2.06" count="2"/>
        <line num="31" type="stmt" count="2"/>
        <line num="32" type="stmt" count="0"/>
        <line num="35" type="stmt" count="2"/>
        <line num="36" type="stmt" count="2"/>
        <line num="38" type="method" name="getToken" crap="3.01" count="1"/>
        <line num="40" type="stmt" count="1"/>
        <line num="41" type="stmt" count="1"/>
        <line num="42" type="stmt" count="1"/>
        <line num="43" type="stmt" count="1"/>
        <line num="45" type="stmt" count="1"/>
        <line num="46" type="stmt" count="0"/>
        <line num="48" type="stmt" count="1"/>
        <line num="49" type="stmt" count="1"/>
        <line num="51" type="stmt" count="1"/>
        <line num="53" type="stmt" count="1"/>
        <metrics loc="54" ncloc="39" classes="1" methods="2" coveredmethods="0" conditionals="0" coveredconditionals="0" statements="14" coveredstatements="12" elements="16" coveredelements="12"/>
      </file>
    </package>
    <package name="WatsonSDK\Services">
      <file name="/Applications/MAMP/htdocs/WatsonPHPSDK/Source/Services/ToneAnalyzer.php">
        <class name="ToneAnalyzer" namespace="WatsonSDK\Services">
          <metrics methods="2" coveredmethods="1" conditionals="0" coveredconditionals="0" statements="16" coveredstatements="14" elements="18" coveredelements="15"/>
        </class>
        <line num="33" type="method" name="__construct" crap="1" count="1"/>
        <line num="35" type="stmt" count="1"/>
        <line num="36" type="stmt" count="1"/>
        <line num="37" type="stmt" count="1"/>
        <line num="44" type="method" name="Tone" crap="3.03" count="1"/>
        <line num="46" type="stmt" count="1"/>
        <line num="48" type="stmt" count="1"/>
        <line num="50" type="stmt" count="1"/>
        <line num="51" type="stmt" count="1"/>
        <line num="54" type="stmt" count="0"/>
        <line num="55" type="stmt" count="0"/>
        <line num="58" type="stmt" count="1"/>
        <line num="59" type="stmt" count="1"/>
        <line num="60" type="stmt" count="1"/>
        <line num="61" type="stmt" count="1"/>
        <line num="64" type="stmt" count="1"/>
        <line num="66" type="stmt" count="1"/>
        <line num="67" type="stmt" count="1"/>
        <metrics loc="70" ncloc="43" classes="1" methods="2" coveredmethods="1" conditionals="0" coveredconditionals="0" statements="16" coveredstatements="14" elements="18" coveredelements="15"/>
      </file>
      <file name="/Applications/MAMP/htdocs/WatsonPHPSDK/Source/Services/ToneAnalyzerModel.php">
        <class name="ToneAnalyzerModel" namespace="WatsonSDK\Services">
          <metrics methods="9" coveredmethods="4" conditionals="0" coveredconditionals="0" statements="17" coveredstatements="9" elements="26" coveredelements="13"/>
        </class>
        <line num="45" type="method" name="__construct" crap="1" count="2"/>
        <line num="47" type="stmt" count="2"/>
        <line num="48" type="stmt" count="2"/>
        <line num="49" type="stmt" count="2"/>
        <line num="50" type="stmt" count="2"/>
        <line num="51" type="stmt" count="2"/>
        <line num="57" type="method" name="getText" crap="1" count="1"/>
        <line num="58" type="stmt" count="1"/>
        <line num="65" type="method" name="setText" crap="1" count="2"/>
        <line num="66" type="stmt" count="2"/>
        <line num="67" type="stmt" count="2"/>
        <line num="73" type="method" name="getTones" crap="2" count="0"/>
        <line num="74" type="stmt" count="0"/>
        <line num="81" type="method" name="setTones" crap="2" count="0"/>
        <line num="82" type="stmt" count="0"/>
        <line num="83" type="stmt" count="0"/>
        <line num="89" type="method" name="getSentences" crap="2" count="0"/>
        <line num="90" type="stmt" count="0"/>
        <line num="97" type="method" name="setSentences" crap="2" count="0"/>
        <line num="98" type="stmt" count="0"/>
        <line num="99" type="stmt" count="0"/>
        <line num="105" type="method" name="getVersion" crap="1" count="1"/>
        <line num="106" type="stmt" count="1"/>
        <line num="113" type="method" name="setVersion" crap="2" count="0"/>
        <line num="114" type="stmt" count="0"/>
        <line num="115" type="stmt" count="0"/>
        <metrics loc="116" ncloc="46" classes="1" methods="9" coveredmethods="4" conditionals="0" coveredconditionals="0" statements="17" coveredstatements="9" elements="26" coveredelements="13"/>
      </file>
    </package>
    <metrics files="9" loc="770" ncloc="360" classes="9" methods="45" coveredmethods="31" conditionals="0" coveredconditionals="0" statements="133" coveredstatements="112" elements="178" coveredelements="143"/>
  </project>
</coverage>
